[0.010s] Invoking command in '/root/rocket-sim/build/vtvl_msgs': CMAKE_PREFIX_PATH=/opt/ros/humble /usr/bin/cmake /root/rocket-sim/src/vtvl_msgs -DAMENT_CMAKE_SYMLINK_INSTALL=1 -DCMAKE_INSTALL_PREFIX=/root/rocket-sim/install/vtvl_msgs
[0.887s] -- The C compiler identification is GNU 11.4.0
[1.318s] -- The CXX compiler identification is GNU 11.4.0
[1.332s] -- Detecting C compiler ABI info
[1.449s] -- Detecting C compiler ABI info - done
[1.454s] -- Check for working C compiler: /usr/bin/cc - skipped
[1.455s] -- Detecting C compile features
[1.456s] -- Detecting C compile features - done
[1.461s] -- Detecting CXX compiler ABI info
[1.549s] -- Detecting CXX compiler ABI info - done
[1.555s] -- Check for working CXX compiler: /usr/bin/c++ - skipped
[1.555s] -- Detecting CXX compile features
[1.555s] -- Detecting CXX compile features - done
[1.560s] -- Found ament_cmake: 1.3.12 (/opt/ros/humble/share/ament_cmake/cmake)
[1.701s] -- Found Python3: /usr/bin/python3 (found version "3.10.12") found components: Interpreter 
[1.764s] -- Override CMake install command with custom implementation using symlinks instead of copying resources
[1.822s] -- Found rosidl_default_generators: 1.2.0 (/opt/ros/humble/share/rosidl_default_generators/cmake)
[1.829s] -- Using all available rosidl_typesupport_c: rosidl_typesupport_fastrtps_c;rosidl_typesupport_introspection_c
[1.843s] -- Found rosidl_adapter: 3.1.7 (/opt/ros/humble/share/rosidl_adapter/cmake)
[1.924s] -- Using all available rosidl_typesupport_cpp: rosidl_typesupport_fastrtps_cpp;rosidl_typesupport_introspection_cpp
[1.985s] -- Found std_msgs: 4.9.0 (/opt/ros/humble/share/std_msgs/cmake)
[2.049s] -- Found geometry_msgs: 4.9.0 (/opt/ros/humble/share/geometry_msgs/cmake)
[2.073s] -- Found ament_lint_auto: 0.12.14 (/opt/ros/humble/share/ament_lint_auto/cmake)
[2.137s] -- Added test 'lint_cmake' to check CMake code style
[2.138s] -- Added test 'xmllint' to check XML markup files
[2.140s] [31mCMake Error at /opt/ros/humble/share/rosidl_cmake/cmake/rosidl_generate_interfaces.cmake:64 (message):
[2.140s]   rosidl_generate_interfaces() must be called before ament_package()
[2.140s] Call Stack (most recent call first):
[2.140s]   CMakeLists.txt:32 (rosidl_generate_interfaces)
[2.140s] 
[2.140s] [0m
[2.140s] -- Configuring incomplete, errors occurred!
[2.140s] See also "/root/rocket-sim/build/vtvl_msgs/CMakeFiles/CMakeOutput.log".
[2.145s] Invoked command in '/root/rocket-sim/build/vtvl_msgs' returned '1': CMAKE_PREFIX_PATH=/opt/ros/humble /usr/bin/cmake /root/rocket-sim/src/vtvl_msgs -DAMENT_CMAKE_SYMLINK_INSTALL=1 -DCMAKE_INSTALL_PREFIX=/root/rocket-sim/install/vtvl_msgs
