[0.009s] Invoking command in '/root/rocket-sim/build/sim': CMAKE_PREFIX_PATH=${CMAKE_PREFIX_PATH}:/opt/ros/humble /usr/bin/cmake --build /root/rocket-sim/build/sim -- -j16 -l16
[0.030s] -- Found ament_cmake: 1.3.12 (/opt/ros/humble/share/ament_cmake/cmake)
[0.124s] -- Override CMake install command with custom implementation using symlinks instead of copying resources
[0.134s] -- Found rclcpp: 16.0.14 (/opt/ros/humble/share/rclcpp/cmake)
[0.187s] -- Found rosidl_generator_c: 3.1.7 (/opt/ros/humble/share/rosidl_generator_c/cmake)
[0.192s] -- Found rosidl_adapter: 3.1.7 (/opt/ros/humble/share/rosidl_adapter/cmake)
[0.200s] -- Found rosidl_generator_cpp: 3.1.7 (/opt/ros/humble/share/rosidl_generator_cpp/cmake)
[0.211s] -- Using all available rosidl_typesupport_c: rosidl_typesupport_fastrtps_c;rosidl_typesupport_introspection_c
[0.226s] -- Using all available rosidl_typesupport_cpp: rosidl_typesupport_fastrtps_cpp;rosidl_typesupport_introspection_cpp
[0.298s] -- Found rmw_implementation_cmake: 6.1.2 (/opt/ros/humble/share/rmw_implementation_cmake/cmake)
[0.304s] -- Found rmw_fastrtps_cpp: 6.2.8 (/opt/ros/humble/share/rmw_fastrtps_cpp/cmake)
[0.469s] -- Found OpenSSL: /usr/lib/x86_64-linux-gnu/libcrypto.so (found version "3.0.2")  
[0.500s] -- Found FastRTPS: /opt/ros/humble/include  
[0.544s] -- Using RMW implementation 'rmw_fastrtps_cpp' as default
[0.562s] -- Looking for pthread.h
[0.628s] -- Looking for pthread.h - found
[0.628s] -- Performing Test CMAKE_HAVE_LIBC_PTHREAD
[0.694s] -- Performing Test CMAKE_HAVE_LIBC_PTHREAD - Success
[0.695s] -- Found Threads: TRUE  
[0.763s] -- Found vtvl_msgs: 0.0.0 (/root/rocket-sim/install/vtvl_msgs/share/vtvl_msgs/cmake)
[0.786s] -- Found ament_lint_auto: 0.12.14 (/opt/ros/humble/share/ament_lint_auto/cmake)
[0.840s] -- Added test 'cppcheck' to perform static code analysis on C / C++ code
[0.840s] -- Configured cppcheck include dirs: $<BUILD_INTERFACE:/root/rocket-sim/src/sim/include>
[0.840s] -- Configured cppcheck exclude dirs and/or files: 
[0.841s] -- Added test 'lint_cmake' to check CMake code style
[0.842s] -- Added test 'uncrustify' to check C / C++ code style
[0.842s] -- Configured uncrustify additional arguments: 
[0.842s] -- Added test 'xmllint' to check XML markup files
[0.843s] -- Configuring done
[0.856s] -- Generating done
[0.860s] -- Build files have been written to: /root/rocket-sim/build/sim
[0.884s] [35m[1mConsolidate compiler generated dependencies of target sim_dynamics[0m
[0.894s] [ 50%] [32mBuilding CXX object CMakeFiles/sim_dynamics.dir/src/sim_dynamics.cpp.o[0m
[7.872s] [100%] [32m[1mLinking CXX executable sim_dynamics[0m
[8.193s] [100%] Built target sim_dynamics
[8.202s] Invoked command in '/root/rocket-sim/build/sim' returned '0': CMAKE_PREFIX_PATH=${CMAKE_PREFIX_PATH}:/opt/ros/humble /usr/bin/cmake --build /root/rocket-sim/build/sim -- -j16 -l16
[8.203s] Invoking command in '/root/rocket-sim/build/sim': CMAKE_PREFIX_PATH=${CMAKE_PREFIX_PATH}:/opt/ros/humble /usr/bin/cmake --install /root/rocket-sim/build/sim
[8.210s] -- Install configuration: ""
[8.210s] -- Execute custom install script
[8.210s] -- Up-to-date symlink: /root/rocket-sim/install/sim/lib/sim/sim_dynamics
[8.211s] -- Up-to-date symlink: /root/rocket-sim/install/sim/share/ament_index/resource_index/package_run_dependencies/sim
[8.211s] -- Up-to-date symlink: /root/rocket-sim/install/sim/share/ament_index/resource_index/parent_prefix_path/sim
[8.211s] -- Up-to-date symlink: /root/rocket-sim/install/sim/share/sim/environment/ament_prefix_path.sh
[8.211s] -- Up-to-date symlink: /root/rocket-sim/install/sim/share/sim/environment/ament_prefix_path.dsv
[8.211s] -- Up-to-date symlink: /root/rocket-sim/install/sim/share/sim/environment/path.sh
[8.211s] -- Up-to-date symlink: /root/rocket-sim/install/sim/share/sim/environment/path.dsv
[8.211s] -- Up-to-date symlink: /root/rocket-sim/install/sim/share/sim/local_setup.bash
[8.211s] -- Up-to-date symlink: /root/rocket-sim/install/sim/share/sim/local_setup.sh
[8.212s] -- Up-to-date symlink: /root/rocket-sim/install/sim/share/sim/local_setup.zsh
[8.212s] -- Up-to-date symlink: /root/rocket-sim/install/sim/share/sim/local_setup.dsv
[8.212s] -- Symlinking: /root/rocket-sim/install/sim/share/sim/package.dsv
[8.220s] -- Up-to-date symlink: /root/rocket-sim/install/sim/share/ament_index/resource_index/packages/sim
[8.220s] -- Up-to-date symlink: /root/rocket-sim/install/sim/share/sim/cmake/simConfig.cmake
[8.220s] -- Up-to-date symlink: /root/rocket-sim/install/sim/share/sim/cmake/simConfig-version.cmake
[8.221s] -- Up-to-date symlink: /root/rocket-sim/install/sim/share/sim/package.xml
[8.223s] Invoked command in '/root/rocket-sim/build/sim' returned '0': CMAKE_PREFIX_PATH=${CMAKE_PREFIX_PATH}:/opt/ros/humble /usr/bin/cmake --install /root/rocket-sim/build/sim
