[0.011s] Invoking command in '/root/rocket-sim/build/sim': CMAKE_PREFIX_PATH=/opt/ros/humble /usr/bin/cmake --build /root/rocket-sim/build/sim -- -j16 -l16
[0.046s] [35m[1mConsolidate compiler generated dependencies of target sim_dynamics[0m
[0.056s] [100%] Built target sim_dynamics
[0.066s] Invoked command in '/root/rocket-sim/build/sim' returned '0': CMAKE_PREFIX_PATH=/opt/ros/humble /usr/bin/cmake --build /root/rocket-sim/build/sim -- -j16 -l16
[0.075s] Invoking command in '/root/rocket-sim/build/sim': CMAKE_PREFIX_PATH=/opt/ros/humble /usr/bin/cmake --install /root/rocket-sim/build/sim
[0.081s] -- Install configuration: ""
[0.082s] -- Execute custom install script
[0.082s] -- Up-to-date symlink: /root/rocket-sim/install/sim/lib/sim/sim_dynamics
[0.082s] -- Up-to-date symlink: /root/rocket-sim/install/sim/share/ament_index/resource_index/package_run_dependencies/sim
[0.082s] -- Up-to-date symlink: /root/rocket-sim/install/sim/share/ament_index/resource_index/parent_prefix_path/sim
[0.082s] -- Up-to-date symlink: /root/rocket-sim/install/sim/share/sim/environment/ament_prefix_path.sh
[0.083s] -- Up-to-date symlink: /root/rocket-sim/install/sim/share/sim/environment/ament_prefix_path.dsv
[0.083s] -- Up-to-date symlink: /root/rocket-sim/install/sim/share/sim/environment/path.sh
[0.083s] -- Up-to-date symlink: /root/rocket-sim/install/sim/share/sim/environment/path.dsv
[0.083s] -- Up-to-date symlink: /root/rocket-sim/install/sim/share/sim/local_setup.bash
[0.083s] -- Up-to-date symlink: /root/rocket-sim/install/sim/share/sim/local_setup.sh
[0.084s] -- Up-to-date symlink: /root/rocket-sim/install/sim/share/sim/local_setup.zsh
[0.084s] -- Up-to-date symlink: /root/rocket-sim/install/sim/share/sim/local_setup.dsv
[0.084s] -- Up-to-date symlink: /root/rocket-sim/install/sim/share/sim/package.dsv
[0.084s] -- Up-to-date symlink: /root/rocket-sim/install/sim/share/ament_index/resource_index/packages/sim
[0.084s] -- Up-to-date symlink: /root/rocket-sim/install/sim/share/sim/cmake/simConfig.cmake
[0.084s] -- Up-to-date symlink: /root/rocket-sim/install/sim/share/sim/cmake/simConfig-version.cmake
[0.084s] -- Up-to-date symlink: /root/rocket-sim/install/sim/share/sim/package.xml
[0.086s] Invoked command in '/root/rocket-sim/build/sim' returned '0': CMAKE_PREFIX_PATH=/opt/ros/humble /usr/bin/cmake --install /root/rocket-sim/build/sim
