[0.011s] Invoking command in '/root/rocket-sim/build/vtvl_msgs': CMAKE_PREFIX_PATH=${CMAKE_PREFIX_PATH}:/opt/ros/humble /usr/bin/cmake --build /root/rocket-sim/build/vtvl_msgs -- -j16 -l16
[0.048s] [35m[1mConsolidate compiler generated dependencies of target vtvl_msgs__rosidl_generator_c[0m
[0.057s] [  3%] Built target vtvl_msgs__cpp
[0.059s] [ 12%] Built target vtvl_msgs__rosidl_generator_c
[0.064s] [ 12%] Built target ament_cmake_python_symlink_vtvl_msgs
[0.066s] [35m[1mConsolidate compiler generated dependencies of target vtvl_msgs__rosidl_typesupport_cpp[0m
[0.066s] [35m[1mConsolidate compiler generated dependencies of target vtvl_msgs__rosidl_typesupport_fastrtps_cpp[0m
[0.067s] [35m[1mConsolidate compiler generated dependencies of target vtvl_msgs__rosidl_typesupport_introspection_cpp[0m
[0.068s] [35m[1mConsolidate compiler generated dependencies of target vtvl_msgs__rosidl_typesupport_introspection_c[0m
[0.068s] [35m[1mConsolidate compiler generated dependencies of target vtvl_msgs__rosidl_typesupport_fastrtps_c[0m
[0.068s] [35m[1mConsolidate compiler generated dependencies of target vtvl_msgs__rosidl_typesupport_c[0m
[0.079s] [ 41%] Built target vtvl_msgs__rosidl_typesupport_c
[0.079s] [ 41%] Built target vtvl_msgs__rosidl_typesupport_fastrtps_cpp
[0.079s] [ 41%] Built target vtvl_msgs__rosidl_typesupport_cpp
[0.079s] [ 51%] Built target vtvl_msgs__rosidl_typesupport_introspection_c
[0.079s] [ 61%] Built target vtvl_msgs__rosidl_typesupport_introspection_cpp
[0.080s] [ 70%] Built target vtvl_msgs__rosidl_typesupport_fastrtps_c
[0.099s] [ 70%] Built target vtvl_msgs
[0.119s] [ 74%] Built target vtvl_msgs__py
[0.129s] [35m[1mConsolidate compiler generated dependencies of target vtvl_msgs__rosidl_generator_py[0m
[0.141s] [ 80%] Built target vtvl_msgs__rosidl_generator_py
[0.151s] [35m[1mConsolidate compiler generated dependencies of target vtvl_msgs__rosidl_typesupport_c__pyext[0m
[0.151s] [35m[1mConsolidate compiler generated dependencies of target vtvl_msgs__rosidl_typesupport_introspection_c__pyext[0m
[0.151s] [35m[1mConsolidate compiler generated dependencies of target vtvl_msgs__rosidl_typesupport_fastrtps_c__pyext[0m
[0.163s] [ 93%] Built target vtvl_msgs__rosidl_typesupport_introspection_c__pyext
[0.163s] [ 96%] Built target vtvl_msgs__rosidl_typesupport_c__pyext
[0.163s] [100%] Built target vtvl_msgs__rosidl_typesupport_fastrtps_c__pyext
[0.241s] running egg_info
[0.242s] writing vtvl_msgs.egg-info/PKG-INFO
[0.242s] writing dependency_links to vtvl_msgs.egg-info/dependency_links.txt
[0.243s] writing top-level names to vtvl_msgs.egg-info/top_level.txt
[0.244s] reading manifest file 'vtvl_msgs.egg-info/SOURCES.txt'
[0.245s] writing manifest file 'vtvl_msgs.egg-info/SOURCES.txt'
[0.267s] [100%] Built target ament_cmake_python_build_vtvl_msgs_egg
[0.278s] Invoked command in '/root/rocket-sim/build/vtvl_msgs' returned '0': CMAKE_PREFIX_PATH=${CMAKE_PREFIX_PATH}:/opt/ros/humble /usr/bin/cmake --build /root/rocket-sim/build/vtvl_msgs -- -j16 -l16
[0.286s] Invoking command in '/root/rocket-sim/build/vtvl_msgs': CMAKE_PREFIX_PATH=${CMAKE_PREFIX_PATH}:/opt/ros/humble /usr/bin/cmake --install /root/rocket-sim/build/vtvl_msgs
[0.294s] -- Install configuration: ""
[0.294s] -- Execute custom install script
[0.294s] -- Up-to-date symlink: /root/rocket-sim/install/vtvl_msgs/share/ament_index/resource_index/rosidl_interfaces/vtvl_msgs
[0.295s] -- Up-to-date symlink: /root/rocket-sim/install/vtvl_msgs/include/vtvl_msgs/vtvl_msgs/msg/detail/vehicle_state__functions.h
[0.295s] -- Up-to-date symlink: /root/rocket-sim/install/vtvl_msgs/include/vtvl_msgs/vtvl_msgs/msg/detail/vehicle_state__struct.h
[0.295s] -- Up-to-date symlink: /root/rocket-sim/install/vtvl_msgs/include/vtvl_msgs/vtvl_msgs/msg/detail/vehicle_state__type_support.h
[0.295s] -- Up-to-date symlink: /root/rocket-sim/install/vtvl_msgs/include/vtvl_msgs/vtvl_msgs/msg/rosidl_generator_c__visibility_control.h
[0.295s] -- Up-to-date symlink: /root/rocket-sim/install/vtvl_msgs/include/vtvl_msgs/vtvl_msgs/msg/vehicle_state.h
[0.295s] -- Up-to-date symlink: /root/rocket-sim/install/vtvl_msgs/share/vtvl_msgs/environment/library_path.sh
[0.295s] -- Up-to-date symlink: /root/rocket-sim/install/vtvl_msgs/share/vtvl_msgs/environment/library_path.dsv
[0.296s] -- Up-to-date symlink: /root/rocket-sim/install/vtvl_msgs/include/vtvl_msgs/vtvl_msgs/msg/detail/vehicle_state__rosidl_typesupport_fastrtps_c.h
[0.296s] -- Up-to-date symlink: /root/rocket-sim/install/vtvl_msgs/include/vtvl_msgs/vtvl_msgs/msg/rosidl_typesupport_fastrtps_c__visibility_control.h
[0.296s] -- Up-to-date symlink: /root/rocket-sim/install/vtvl_msgs/include/vtvl_msgs/vtvl_msgs/msg/detail/vehicle_state__rosidl_typesupport_introspection_c.h
[0.296s] -- Up-to-date symlink: /root/rocket-sim/install/vtvl_msgs/include/vtvl_msgs/vtvl_msgs/msg/rosidl_typesupport_introspection_c__visibility_control.h
[0.296s] -- Up-to-date symlink: /root/rocket-sim/install/vtvl_msgs/include/vtvl_msgs/vtvl_msgs/msg/detail/vehicle_state__builder.hpp
[0.297s] -- Up-to-date symlink: /root/rocket-sim/install/vtvl_msgs/include/vtvl_msgs/vtvl_msgs/msg/detail/vehicle_state__struct.hpp
[0.297s] -- Up-to-date symlink: /root/rocket-sim/install/vtvl_msgs/include/vtvl_msgs/vtvl_msgs/msg/detail/vehicle_state__traits.hpp
[0.297s] -- Up-to-date symlink: /root/rocket-sim/install/vtvl_msgs/include/vtvl_msgs/vtvl_msgs/msg/detail/vehicle_state__type_support.hpp
[0.297s] -- Up-to-date symlink: /root/rocket-sim/install/vtvl_msgs/include/vtvl_msgs/vtvl_msgs/msg/rosidl_generator_cpp__visibility_control.hpp
[0.297s] -- Up-to-date symlink: /root/rocket-sim/install/vtvl_msgs/include/vtvl_msgs/vtvl_msgs/msg/vehicle_state.hpp
[0.297s] -- Up-to-date symlink: /root/rocket-sim/install/vtvl_msgs/include/vtvl_msgs/vtvl_msgs/msg/detail/vehicle_state__rosidl_typesupport_fastrtps_cpp.hpp
[0.297s] -- Up-to-date symlink: /root/rocket-sim/install/vtvl_msgs/include/vtvl_msgs/vtvl_msgs/msg/rosidl_typesupport_fastrtps_cpp__visibility_control.h
[0.298s] -- Up-to-date symlink: /root/rocket-sim/install/vtvl_msgs/include/vtvl_msgs/vtvl_msgs/msg/detail/vehicle_state__rosidl_typesupport_introspection_cpp.hpp
[0.298s] -- Up-to-date symlink: /root/rocket-sim/install/vtvl_msgs/share/vtvl_msgs/environment/pythonpath.sh
[0.298s] -- Up-to-date symlink: /root/rocket-sim/install/vtvl_msgs/share/vtvl_msgs/environment/pythonpath.dsv
[0.298s] -- Up-to-date symlink: /root/rocket-sim/install/vtvl_msgs/local/lib/python3.10/dist-packages/vtvl_msgs-0.0.0-py3.10.egg-info/PKG-INFO
[0.298s] -- Up-to-date symlink: /root/rocket-sim/install/vtvl_msgs/local/lib/python3.10/dist-packages/vtvl_msgs-0.0.0-py3.10.egg-info/SOURCES.txt
[0.298s] -- Up-to-date symlink: /root/rocket-sim/install/vtvl_msgs/local/lib/python3.10/dist-packages/vtvl_msgs-0.0.0-py3.10.egg-info/dependency_links.txt
[0.299s] -- Up-to-date symlink: /root/rocket-sim/install/vtvl_msgs/local/lib/python3.10/dist-packages/vtvl_msgs-0.0.0-py3.10.egg-info/top_level.txt
[0.299s] -- Up-to-date symlink: /root/rocket-sim/install/vtvl_msgs/local/lib/python3.10/dist-packages/vtvl_msgs/__init__.py
[0.299s] -- Up-to-date symlink: /root/rocket-sim/install/vtvl_msgs/local/lib/python3.10/dist-packages/vtvl_msgs/_vtvl_msgs_s.ep.rosidl_typesupport_c.c
[0.299s] -- Up-to-date symlink: /root/rocket-sim/install/vtvl_msgs/local/lib/python3.10/dist-packages/vtvl_msgs/_vtvl_msgs_s.ep.rosidl_typesupport_fastrtps_c.c
[0.299s] -- Up-to-date symlink: /root/rocket-sim/install/vtvl_msgs/local/lib/python3.10/dist-packages/vtvl_msgs/_vtvl_msgs_s.ep.rosidl_typesupport_introspection_c.c
[0.300s] -- Up-to-date symlink: /root/rocket-sim/install/vtvl_msgs/local/lib/python3.10/dist-packages/vtvl_msgs/libvtvl_msgs__rosidl_generator_py.so
[0.300s] -- Up-to-date symlink: /root/rocket-sim/install/vtvl_msgs/local/lib/python3.10/dist-packages/vtvl_msgs/msg/__init__.py
[0.300s] -- Up-to-date symlink: /root/rocket-sim/install/vtvl_msgs/local/lib/python3.10/dist-packages/vtvl_msgs/msg/_vehicle_state.py
[0.300s] -- Up-to-date symlink: /root/rocket-sim/install/vtvl_msgs/local/lib/python3.10/dist-packages/vtvl_msgs/msg/_vehicle_state_s.c
[0.300s] -- Up-to-date symlink: /root/rocket-sim/install/vtvl_msgs/local/lib/python3.10/dist-packages/vtvl_msgs/vtvl_msgs_s__rosidl_typesupport_c.cpython-310-x86_64-linux-gnu.so
[0.300s] -- Up-to-date symlink: /root/rocket-sim/install/vtvl_msgs/local/lib/python3.10/dist-packages/vtvl_msgs/vtvl_msgs_s__rosidl_typesupport_fastrtps_c.cpython-310-x86_64-linux-gnu.so
[0.300s] -- Up-to-date symlink: /root/rocket-sim/install/vtvl_msgs/local/lib/python3.10/dist-packages/vtvl_msgs/vtvl_msgs_s__rosidl_typesupport_introspection_c.cpython-310-x86_64-linux-gnu.so
[0.300s] -- Up-to-date symlink: /root/rocket-sim/install/vtvl_msgs/local/lib/python3.10/dist-packages/vtvl_msgs/vtvl_msgs_s__rosidl_typesupport_fastrtps_c.cpython-310-x86_64-linux-gnu.so
[0.301s] -- Up-to-date symlink: /root/rocket-sim/install/vtvl_msgs/local/lib/python3.10/dist-packages/vtvl_msgs/vtvl_msgs_s__rosidl_typesupport_introspection_c.cpython-310-x86_64-linux-gnu.so
[0.301s] -- Up-to-date symlink: /root/rocket-sim/install/vtvl_msgs/local/lib/python3.10/dist-packages/vtvl_msgs/vtvl_msgs_s__rosidl_typesupport_c.cpython-310-x86_64-linux-gnu.so
[0.301s] -- Up-to-date symlink: /root/rocket-sim/install/vtvl_msgs/share/vtvl_msgs/msg/VehicleState.idl
[0.301s] -- Up-to-date symlink: /root/rocket-sim/install/vtvl_msgs/share/vtvl_msgs/msg/VehicleState.msg
[0.301s] -- Up-to-date symlink: /root/rocket-sim/install/vtvl_msgs/share/ament_index/resource_index/package_run_dependencies/vtvl_msgs
[0.301s] -- Up-to-date symlink: /root/rocket-sim/install/vtvl_msgs/share/ament_index/resource_index/parent_prefix_path/vtvl_msgs
[0.301s] -- Up-to-date symlink: /root/rocket-sim/install/vtvl_msgs/share/vtvl_msgs/environment/ament_prefix_path.sh
[0.302s] -- Up-to-date symlink: /root/rocket-sim/install/vtvl_msgs/share/vtvl_msgs/environment/ament_prefix_path.dsv
[0.302s] -- Up-to-date symlink: /root/rocket-sim/install/vtvl_msgs/share/vtvl_msgs/environment/path.sh
[0.302s] -- Up-to-date symlink: /root/rocket-sim/install/vtvl_msgs/share/vtvl_msgs/environment/path.dsv
[0.302s] -- Up-to-date symlink: /root/rocket-sim/install/vtvl_msgs/share/vtvl_msgs/local_setup.bash
[0.302s] -- Up-to-date symlink: /root/rocket-sim/install/vtvl_msgs/share/vtvl_msgs/local_setup.sh
[0.302s] -- Up-to-date symlink: /root/rocket-sim/install/vtvl_msgs/share/vtvl_msgs/local_setup.zsh
[0.302s] -- Up-to-date symlink: /root/rocket-sim/install/vtvl_msgs/share/vtvl_msgs/local_setup.dsv
[0.302s] -- Symlinking: /root/rocket-sim/install/vtvl_msgs/share/vtvl_msgs/package.dsv
[0.311s] -- Up-to-date symlink: /root/rocket-sim/install/vtvl_msgs/share/ament_index/resource_index/packages/vtvl_msgs
[0.311s] -- Up-to-date symlink: /root/rocket-sim/install/vtvl_msgs/share/vtvl_msgs/cmake/rosidl_cmake-extras.cmake
[0.311s] -- Up-to-date symlink: /root/rocket-sim/install/vtvl_msgs/share/vtvl_msgs/cmake/ament_cmake_export_dependencies-extras.cmake
[0.311s] -- Up-to-date symlink: /root/rocket-sim/install/vtvl_msgs/share/vtvl_msgs/cmake/ament_cmake_export_include_directories-extras.cmake
[0.311s] -- Up-to-date symlink: /root/rocket-sim/install/vtvl_msgs/share/vtvl_msgs/cmake/ament_cmake_export_libraries-extras.cmake
[0.311s] -- Up-to-date symlink: /root/rocket-sim/install/vtvl_msgs/share/vtvl_msgs/cmake/ament_cmake_export_targets-extras.cmake
[0.311s] -- Up-to-date symlink: /root/rocket-sim/install/vtvl_msgs/share/vtvl_msgs/cmake/rosidl_cmake_export_typesupport_targets-extras.cmake
[0.312s] -- Up-to-date symlink: /root/rocket-sim/install/vtvl_msgs/share/vtvl_msgs/cmake/rosidl_cmake_export_typesupport_libraries-extras.cmake
[0.312s] -- Up-to-date symlink: /root/rocket-sim/install/vtvl_msgs/share/vtvl_msgs/cmake/vtvl_msgsConfig.cmake
[0.312s] -- Up-to-date symlink: /root/rocket-sim/install/vtvl_msgs/share/vtvl_msgs/cmake/vtvl_msgsConfig-version.cmake
[0.312s] -- Up-to-date symlink: /root/rocket-sim/install/vtvl_msgs/share/vtvl_msgs/package.xml
[0.312s] -- Up-to-date: /root/rocket-sim/install/vtvl_msgs/lib/libvtvl_msgs__rosidl_generator_c.so
[0.312s] -- Up-to-date: /root/rocket-sim/install/vtvl_msgs/lib/libvtvl_msgs__rosidl_typesupport_fastrtps_c.so
[0.313s] -- Up-to-date: /root/rocket-sim/install/vtvl_msgs/lib/libvtvl_msgs__rosidl_typesupport_introspection_c.so
[0.313s] -- Up-to-date: /root/rocket-sim/install/vtvl_msgs/lib/libvtvl_msgs__rosidl_typesupport_c.so
[0.313s] -- Up-to-date: /root/rocket-sim/install/vtvl_msgs/lib/libvtvl_msgs__rosidl_typesupport_fastrtps_cpp.so
[0.313s] -- Up-to-date: /root/rocket-sim/install/vtvl_msgs/lib/libvtvl_msgs__rosidl_typesupport_introspection_cpp.so
[0.314s] -- Up-to-date: /root/rocket-sim/install/vtvl_msgs/lib/libvtvl_msgs__rosidl_typesupport_cpp.so
[0.339s] Listing '/root/rocket-sim/install/vtvl_msgs/local/lib/python3.10/dist-packages/vtvl_msgs'...
[0.339s] Listing '/root/rocket-sim/install/vtvl_msgs/local/lib/python3.10/dist-packages/vtvl_msgs/msg'...
[0.343s] -- Up-to-date: /root/rocket-sim/install/vtvl_msgs/lib/libvtvl_msgs__rosidl_generator_py.so
[0.343s] -- Up-to-date: /root/rocket-sim/install/vtvl_msgs/share/vtvl_msgs/cmake/export_vtvl_msgs__rosidl_generator_cExport.cmake
[0.343s] -- Up-to-date: /root/rocket-sim/install/vtvl_msgs/share/vtvl_msgs/cmake/export_vtvl_msgs__rosidl_generator_cExport-noconfig.cmake
[0.343s] -- Up-to-date: /root/rocket-sim/install/vtvl_msgs/share/vtvl_msgs/cmake/export_vtvl_msgs__rosidl_typesupport_fastrtps_cExport.cmake
[0.343s] -- Up-to-date: /root/rocket-sim/install/vtvl_msgs/share/vtvl_msgs/cmake/export_vtvl_msgs__rosidl_typesupport_fastrtps_cExport-noconfig.cmake
[0.343s] -- Up-to-date: /root/rocket-sim/install/vtvl_msgs/share/vtvl_msgs/cmake/vtvl_msgs__rosidl_typesupport_introspection_cExport.cmake
[0.343s] -- Up-to-date: /root/rocket-sim/install/vtvl_msgs/share/vtvl_msgs/cmake/vtvl_msgs__rosidl_typesupport_introspection_cExport-noconfig.cmake
[0.343s] -- Up-to-date: /root/rocket-sim/install/vtvl_msgs/share/vtvl_msgs/cmake/vtvl_msgs__rosidl_typesupport_cExport.cmake
[0.343s] -- Up-to-date: /root/rocket-sim/install/vtvl_msgs/share/vtvl_msgs/cmake/vtvl_msgs__rosidl_typesupport_cExport-noconfig.cmake
[0.343s] -- Up-to-date: /root/rocket-sim/install/vtvl_msgs/share/vtvl_msgs/cmake/export_vtvl_msgs__rosidl_generator_cppExport.cmake
[0.344s] -- Up-to-date: /root/rocket-sim/install/vtvl_msgs/share/vtvl_msgs/cmake/export_vtvl_msgs__rosidl_typesupport_fastrtps_cppExport.cmake
[0.344s] -- Up-to-date: /root/rocket-sim/install/vtvl_msgs/share/vtvl_msgs/cmake/export_vtvl_msgs__rosidl_typesupport_fastrtps_cppExport-noconfig.cmake
[0.344s] -- Up-to-date: /root/rocket-sim/install/vtvl_msgs/share/vtvl_msgs/cmake/vtvl_msgs__rosidl_typesupport_introspection_cppExport.cmake
[0.344s] -- Up-to-date: /root/rocket-sim/install/vtvl_msgs/share/vtvl_msgs/cmake/vtvl_msgs__rosidl_typesupport_introspection_cppExport-noconfig.cmake
[0.344s] -- Up-to-date: /root/rocket-sim/install/vtvl_msgs/share/vtvl_msgs/cmake/vtvl_msgs__rosidl_typesupport_cppExport.cmake
[0.344s] -- Up-to-date: /root/rocket-sim/install/vtvl_msgs/share/vtvl_msgs/cmake/vtvl_msgs__rosidl_typesupport_cppExport-noconfig.cmake
[0.344s] -- Up-to-date: /root/rocket-sim/install/vtvl_msgs/share/vtvl_msgs/cmake/export_vtvl_msgs__rosidl_generator_pyExport.cmake
[0.344s] -- Up-to-date: /root/rocket-sim/install/vtvl_msgs/share/vtvl_msgs/cmake/export_vtvl_msgs__rosidl_generator_pyExport-noconfig.cmake
[0.346s] Invoked command in '/root/rocket-sim/build/vtvl_msgs' returned '0': CMAKE_PREFIX_PATH=${CMAKE_PREFIX_PATH}:/opt/ros/humble /usr/bin/cmake --install /root/rocket-sim/build/vtvl_msgs
