-- Found ament_cmake: 1.3.12 (/opt/ros/humble/share/ament_cmake/cmake)
-- Override CMake install command with custom implementation using symlinks instead of copying resources
-- Found rclcpp: 16.0.14 (/opt/ros/humble/share/rclcpp/cmake)
-- Found rosidl_generator_c: 3.1.7 (/opt/ros/humble/share/rosidl_generator_c/cmake)
-- Found rosidl_adapter: 3.1.7 (/opt/ros/humble/share/rosidl_adapter/cmake)
-- Found rosidl_generator_cpp: 3.1.7 (/opt/ros/humble/share/rosidl_generator_cpp/cmake)
-- Using all available rosidl_typesupport_c: rosidl_typesupport_fastrtps_c;rosidl_typesupport_introspection_c
-- Using all available rosidl_typesupport_cpp: rosidl_typesupport_fastrtps_cpp;rosidl_typesupport_introspection_cpp
-- Found rmw_implementation_cmake: 6.1.2 (/opt/ros/humble/share/rmw_implementation_cmake/cmake)
-- Found rmw_fastrtps_cpp: 6.2.8 (/opt/ros/humble/share/rmw_fastrtps_cpp/cmake)
-- Using RMW implementation 'rmw_fastrtps_cpp' as default
-- Found vtvl_msgs: 0.0.0 (/root/rocket-sim/install/vtvl_msgs/share/vtvl_msgs/cmake)
-- Found ament_lint_auto: 0.12.14 (/opt/ros/humble/share/ament_lint_auto/cmake)
-- Added test 'cppcheck' to perform static code analysis on C / C++ code
-- Configured cppcheck include dirs: $<BUILD_INTERFACE:/root/rocket-sim/src/sim/include>
-- Configured cppcheck exclude dirs and/or files: 
-- Added test 'lint_cmake' to check CMake code style
-- Added test 'uncrustify' to check C / C++ code style
-- Configured uncrustify additional arguments: 
-- Added test 'xmllint' to check XML markup files
-- Configuring done
-- Generating done
-- Build files have been written to: /root/rocket-sim/build/sim
[35m[1mConsolidate compiler generated dependencies of target sim_dynamics[0m
[ 25%] [32mBuilding CXX object CMakeFiles/pid_alt_controller.dir/src/pid_alt_controller.cpp.o[0m
[ 75%] Built target sim_dynamics
[100%] [32m[1mLinking CXX executable pid_alt_controller[0m
[100%] Built target pid_alt_controller
-- Install configuration: ""
-- Execute custom install script
-- Up-to-date symlink: /root/rocket-sim/install/sim/lib/sim/sim_dynamics
-- Symlinking: /root/rocket-sim/install/sim/lib/sim/pid_alt_controller
-- Up-to-date symlink: /root/rocket-sim/install/sim/share/ament_index/resource_index/package_run_dependencies/sim
-- Up-to-date symlink: /root/rocket-sim/install/sim/share/ament_index/resource_index/parent_prefix_path/sim
-- Up-to-date symlink: /root/rocket-sim/install/sim/share/sim/environment/ament_prefix_path.sh
-- Up-to-date symlink: /root/rocket-sim/install/sim/share/sim/environment/ament_prefix_path.dsv
-- Up-to-date symlink: /root/rocket-sim/install/sim/share/sim/environment/path.sh
-- Up-to-date symlink: /root/rocket-sim/install/sim/share/sim/environment/path.dsv
-- Up-to-date symlink: /root/rocket-sim/install/sim/share/sim/local_setup.bash
-- Up-to-date symlink: /root/rocket-sim/install/sim/share/sim/local_setup.sh
-- Up-to-date symlink: /root/rocket-sim/install/sim/share/sim/local_setup.zsh
-- Up-to-date symlink: /root/rocket-sim/install/sim/share/sim/local_setup.dsv
-- Symlinking: /root/rocket-sim/install/sim/share/sim/package.dsv
-- Up-to-date symlink: /root/rocket-sim/install/sim/share/ament_index/resource_index/packages/sim
-- Up-to-date symlink: /root/rocket-sim/install/sim/share/sim/cmake/simConfig.cmake
-- Up-to-date symlink: /root/rocket-sim/install/sim/share/sim/cmake/simConfig-version.cmake
-- Up-to-date symlink: /root/rocket-sim/install/sim/share/sim/package.xml
