[0.013s] Invoking command in '/root/rocket-sim/build/sim': CMAKE_PREFIX_PATH=${CMAKE_PREFIX_PATH}:/opt/ros/humble /usr/bin/cmake --build /root/rocket-sim/build/sim -- -j16 -l16
[0.037s] -- Found ament_cmake: 1.3.12 (/opt/ros/humble/share/ament_cmake/cmake)
[0.129s] -- Override CMake install command with custom implementation using symlinks instead of copying resources
[0.136s] -- Found rclcpp: 16.0.14 (/opt/ros/humble/share/rclcpp/cmake)
[0.158s] -- Found rosidl_generator_c: 3.1.7 (/opt/ros/humble/share/rosidl_generator_c/cmake)
[0.160s] -- Found rosidl_adapter: 3.1.7 (/opt/ros/humble/share/rosidl_adapter/cmake)
[0.165s] -- Found rosidl_generator_cpp: 3.1.7 (/opt/ros/humble/share/rosidl_generator_cpp/cmake)
[0.173s] -- Using all available rosidl_typesupport_c: rosidl_typesupport_fastrtps_c;rosidl_typesupport_introspection_c
[0.182s] -- Using all available rosidl_typesupport_cpp: rosidl_typesupport_fastrtps_cpp;rosidl_typesupport_introspection_cpp
[0.207s] -- Found rmw_implementation_cmake: 6.1.2 (/opt/ros/humble/share/rmw_implementation_cmake/cmake)
[0.208s] -- Found rmw_fastrtps_cpp: 6.2.8 (/opt/ros/humble/share/rmw_fastrtps_cpp/cmake)
[0.305s] -- Using RMW implementation 'rmw_fastrtps_cpp' as default
[0.340s] -- Found vtvl_msgs: 0.0.0 (/root/rocket-sim/install/vtvl_msgs/share/vtvl_msgs/cmake)
[0.363s] -- Found ament_lint_auto: 0.12.14 (/opt/ros/humble/share/ament_lint_auto/cmake)
[0.416s] -- Added test 'cppcheck' to perform static code analysis on C / C++ code
[0.416s] -- Configured cppcheck include dirs: $<BUILD_INTERFACE:/root/rocket-sim/src/sim/include>
[0.416s] -- Configured cppcheck exclude dirs and/or files: 
[0.417s] -- Added test 'lint_cmake' to check CMake code style
[0.418s] -- Added test 'uncrustify' to check C / C++ code style
[0.418s] -- Configured uncrustify additional arguments: 
[0.418s] -- Added test 'xmllint' to check XML markup files
[0.419s] -- Configuring done
[0.431s] -- Generating done
[0.435s] -- Build files have been written to: /root/rocket-sim/build/sim
[0.458s] [35m[1mConsolidate compiler generated dependencies of target sim_dynamics[0m
[0.467s] [ 25%] [32mBuilding CXX object CMakeFiles/pid_alt_controller.dir/src/pid_alt_controller.cpp.o[0m
[0.475s] [ 75%] Built target sim_dynamics
[7.092s] [100%] [32m[1mLinking CXX executable pid_alt_controller[0m
[7.387s] [100%] Built target pid_alt_controller
[7.398s] Invoked command in '/root/rocket-sim/build/sim' returned '0': CMAKE_PREFIX_PATH=${CMAKE_PREFIX_PATH}:/opt/ros/humble /usr/bin/cmake --build /root/rocket-sim/build/sim -- -j16 -l16
[7.406s] Invoking command in '/root/rocket-sim/build/sim': CMAKE_PREFIX_PATH=${CMAKE_PREFIX_PATH}:/opt/ros/humble /usr/bin/cmake --install /root/rocket-sim/build/sim
[7.413s] -- Install configuration: ""
[7.414s] -- Execute custom install script
[7.414s] -- Up-to-date symlink: /root/rocket-sim/install/sim/lib/sim/sim_dynamics
[7.414s] -- Symlinking: /root/rocket-sim/install/sim/lib/sim/pid_alt_controller
[7.422s] -- Up-to-date symlink: /root/rocket-sim/install/sim/share/ament_index/resource_index/package_run_dependencies/sim
[7.422s] -- Up-to-date symlink: /root/rocket-sim/install/sim/share/ament_index/resource_index/parent_prefix_path/sim
[7.422s] -- Up-to-date symlink: /root/rocket-sim/install/sim/share/sim/environment/ament_prefix_path.sh
[7.422s] -- Up-to-date symlink: /root/rocket-sim/install/sim/share/sim/environment/ament_prefix_path.dsv
[7.423s] -- Up-to-date symlink: /root/rocket-sim/install/sim/share/sim/environment/path.sh
[7.423s] -- Up-to-date symlink: /root/rocket-sim/install/sim/share/sim/environment/path.dsv
[7.423s] -- Up-to-date symlink: /root/rocket-sim/install/sim/share/sim/local_setup.bash
[7.423s] -- Up-to-date symlink: /root/rocket-sim/install/sim/share/sim/local_setup.sh
[7.423s] -- Up-to-date symlink: /root/rocket-sim/install/sim/share/sim/local_setup.zsh
[7.423s] -- Up-to-date symlink: /root/rocket-sim/install/sim/share/sim/local_setup.dsv
[7.423s] -- Symlinking: /root/rocket-sim/install/sim/share/sim/package.dsv
[7.432s] -- Up-to-date symlink: /root/rocket-sim/install/sim/share/ament_index/resource_index/packages/sim
[7.432s] -- Up-to-date symlink: /root/rocket-sim/install/sim/share/sim/cmake/simConfig.cmake
[7.432s] -- Up-to-date symlink: /root/rocket-sim/install/sim/share/sim/cmake/simConfig-version.cmake
[7.432s] -- Up-to-date symlink: /root/rocket-sim/install/sim/share/sim/package.xml
[7.434s] Invoked command in '/root/rocket-sim/build/sim' returned '0': CMAKE_PREFIX_PATH=${CMAKE_PREFIX_PATH}:/opt/ros/humble /usr/bin/cmake --install /root/rocket-sim/build/sim
