-- Found ament_cmake: 1.3.12 (/opt/ros/humble/share/ament_cmake/cmake)
-- Override CMake install command with custom implementation using symlinks instead of copying resources
-- Found rosidl_default_generators: 1.2.0 (/opt/ros/humble/share/rosidl_default_generators/cmake)
-- Using all available rosidl_typesupport_c: rosidl_typesupport_fastrtps_c;rosidl_typesupport_introspection_c
-- Found rosidl_adapter: 3.1.7 (/opt/ros/humble/share/rosidl_adapter/cmake)
-- Using all available rosidl_typesupport_cpp: rosidl_typesupport_fastrtps_cpp;rosidl_typesupport_introspection_cpp
-- Found std_msgs: 4.9.0 (/opt/ros/humble/share/std_msgs/cmake)
-- Found geometry_msgs: 4.9.0 (/opt/ros/humble/share/geometry_msgs/cmake)
-- Found ament_lint_auto: 0.12.14 (/opt/ros/humble/share/ament_lint_auto/cmake)
-- Found ament_cmake_ros: 0.10.0 (/opt/ros/humble/share/ament_cmake_ros/cmake)
-- Using all available rosidl_typesupport_c: rosidl_typesupport_fastrtps_c;rosidl_typesupport_introspection_c
-- Using all available rosidl_typesupport_cpp: rosidl_typesupport_fastrtps_cpp;rosidl_typesupport_introspection_cpp
-- Found PythonInterp: /usr/bin/python3 (found suitable version "3.10.12", minimum required is "3.6") 
-- Found python_cmake_module: 0.10.0 (/opt/ros/humble/share/python_cmake_module/cmake)
-- Found PythonLibs: /usr/lib/x86_64-linux-gnu/libpython3.10.so (found suitable version "3.10.12", minimum required is "3.5") 
-- Using PYTHON_EXECUTABLE: /usr/bin/python3
-- Using PYTHON_INCLUDE_DIRS: /usr/include/python3.10
-- Using PYTHON_LIBRARIES: /usr/lib/x86_64-linux-gnu/libpython3.10.so
-- Found PythonExtra: .so  
-- Added test 'lint_cmake' to check CMake code style
-- Added test 'xmllint' to check XML markup files
-- Configuring done
-- Generating done
-- Build files have been written to: /root/rocket-sim/build/vtvl_msgs
[  3%] [34m[1mGenerating C code for ROS interfaces[0m
[  6%] [34m[1mGenerating C++ code for ROS interfaces[0m
[  6%] Built target ament_cmake_python_symlink_vtvl_msgs
running egg_info
creating vtvl_msgs.egg-info
writing vtvl_msgs.egg-info/PKG-INFO
writing dependency_links to vtvl_msgs.egg-info/dependency_links.txt
writing top-level names to vtvl_msgs.egg-info/top_level.txt
writing manifest file 'vtvl_msgs.egg-info/SOURCES.txt'
reading manifest file 'vtvl_msgs.egg-info/SOURCES.txt'
writing manifest file 'vtvl_msgs.egg-info/SOURCES.txt'
[  6%] Built target ament_cmake_python_build_vtvl_msgs_egg
[  6%] Built target vtvl_msgs__cpp
[ 16%] [34m[1mGenerating C++ type support dispatch for ROS interfaces[0m
[ 16%] [34m[1mGenerating C++ type support for eProsima Fast-RTPS[0m
[ 16%] [34m[1mGenerating C++ introspection for ROS interfaces[0m
[ 19%] [32mBuilding C object CMakeFiles/vtvl_msgs__rosidl_generator_c.dir/rosidl_generator_c/vtvl_msgs/msg/detail/vehicle_state__functions.c.o[0m
[ 22%] [32m[1mLinking C shared library libvtvl_msgs__rosidl_generator_c.so[0m
[ 22%] Built target vtvl_msgs__rosidl_generator_c
[ 32%] [34m[1mGenerating C introspection for ROS interfaces[0m
[ 32%] [34m[1mGenerating C type support for eProsima Fast-RTPS[0m
[ 32%] [34m[1mGenerating C type support dispatch for ROS interfaces[0m
[ 35%] [32mBuilding CXX object CMakeFiles/vtvl_msgs__rosidl_typesupport_cpp.dir/rosidl_typesupport_cpp/vtvl_msgs/msg/vehicle_state__type_support.cpp.o[0m
[ 38%] [32mBuilding CXX object CMakeFiles/vtvl_msgs__rosidl_typesupport_introspection_cpp.dir/rosidl_typesupport_introspection_cpp/vtvl_msgs/msg/detail/vehicle_state__type_support.cpp.o[0m
[ 41%] [32mBuilding CXX object CMakeFiles/vtvl_msgs__rosidl_typesupport_fastrtps_cpp.dir/rosidl_typesupport_fastrtps_cpp/vtvl_msgs/msg/detail/dds_fastrtps/vehicle_state__type_support.cpp.o[0m
[ 45%] [32mBuilding CXX object CMakeFiles/vtvl_msgs__rosidl_typesupport_c.dir/rosidl_typesupport_c/vtvl_msgs/msg/vehicle_state__type_support.cpp.o[0m
[ 48%] [32mBuilding C object CMakeFiles/vtvl_msgs__rosidl_typesupport_introspection_c.dir/rosidl_typesupport_introspection_c/vtvl_msgs/msg/detail/vehicle_state__type_support.c.o[0m
[ 51%] [32mBuilding CXX object CMakeFiles/vtvl_msgs__rosidl_typesupport_fastrtps_c.dir/rosidl_typesupport_fastrtps_c/vtvl_msgs/msg/detail/vehicle_state__type_support_c.cpp.o[0m
[ 54%] [32m[1mLinking CXX shared library libvtvl_msgs__rosidl_typesupport_c.so[0m
[ 58%] [32m[1mLinking C shared library libvtvl_msgs__rosidl_typesupport_introspection_c.so[0m
[ 58%] Built target vtvl_msgs__rosidl_typesupport_c
[ 58%] Built target vtvl_msgs__rosidl_typesupport_introspection_c
[ 61%] [32m[1mLinking CXX shared library libvtvl_msgs__rosidl_typesupport_cpp.so[0m
[ 61%] Built target vtvl_msgs__rosidl_typesupport_cpp
[ 64%] [32m[1mLinking CXX shared library libvtvl_msgs__rosidl_typesupport_introspection_cpp.so[0m
[ 67%] [32m[1mLinking CXX shared library libvtvl_msgs__rosidl_typesupport_fastrtps_cpp.so[0m
[ 70%] [32m[1mLinking CXX shared library libvtvl_msgs__rosidl_typesupport_fastrtps_c.so[0m
[ 70%] Built target vtvl_msgs__rosidl_typesupport_introspection_cpp
[ 70%] Built target vtvl_msgs__rosidl_typesupport_fastrtps_cpp
[ 70%] Built target vtvl_msgs__rosidl_typesupport_fastrtps_c
[ 70%] Built target vtvl_msgs
[ 74%] [34m[1mGenerating Python code for ROS interfaces[0m
[ 74%] Built target vtvl_msgs__py
[ 77%] [32mBuilding C object CMakeFiles/vtvl_msgs__rosidl_generator_py.dir/rosidl_generator_py/vtvl_msgs/msg/_vehicle_state_s.c.o[0m
[ 80%] [32m[1mLinking C shared library rosidl_generator_py/vtvl_msgs/libvtvl_msgs__rosidl_generator_py.so[0m
[ 80%] Built target vtvl_msgs__rosidl_generator_py
[ 87%] [32mBuilding C object CMakeFiles/vtvl_msgs__rosidl_typesupport_introspection_c__pyext.dir/rosidl_generator_py/vtvl_msgs/_vtvl_msgs_s.ep.rosidl_typesupport_introspection_c.c.o[0m
[ 87%] [32mBuilding C object CMakeFiles/vtvl_msgs__rosidl_typesupport_c__pyext.dir/rosidl_generator_py/vtvl_msgs/_vtvl_msgs_s.ep.rosidl_typesupport_c.c.o[0m
[ 90%] [32mBuilding C object CMakeFiles/vtvl_msgs__rosidl_typesupport_fastrtps_c__pyext.dir/rosidl_generator_py/vtvl_msgs/_vtvl_msgs_s.ep.rosidl_typesupport_fastrtps_c.c.o[0m
[100%] [32m[1mLinking C shared library rosidl_generator_py/vtvl_msgs/vtvl_msgs_s__rosidl_typesupport_fastrtps_c.cpython-310-x86_64-linux-gnu.so[0m
[100%] [32m[1mLinking C shared library rosidl_generator_py/vtvl_msgs/vtvl_msgs_s__rosidl_typesupport_c.cpython-310-x86_64-linux-gnu.so[0m
[100%] [32m[1mLinking C shared library rosidl_generator_py/vtvl_msgs/vtvl_msgs_s__rosidl_typesupport_introspection_c.cpython-310-x86_64-linux-gnu.so[0m
[100%] Built target vtvl_msgs__rosidl_typesupport_fastrtps_c__pyext
[100%] Built target vtvl_msgs__rosidl_typesupport_c__pyext
[100%] Built target vtvl_msgs__rosidl_typesupport_introspection_c__pyext
-- Install configuration: ""
-- Execute custom install script
-- Symlinking: /root/rocket-sim/install/vtvl_msgs/share/ament_index/resource_index/rosidl_interfaces/vtvl_msgs
-- Symlinking: /root/rocket-sim/install/vtvl_msgs/include/vtvl_msgs/vtvl_msgs/msg/detail/vehicle_state__functions.h
-- Symlinking: /root/rocket-sim/install/vtvl_msgs/include/vtvl_msgs/vtvl_msgs/msg/detail/vehicle_state__struct.h
-- Symlinking: /root/rocket-sim/install/vtvl_msgs/include/vtvl_msgs/vtvl_msgs/msg/detail/vehicle_state__type_support.h
-- Symlinking: /root/rocket-sim/install/vtvl_msgs/include/vtvl_msgs/vtvl_msgs/msg/rosidl_generator_c__visibility_control.h
-- Symlinking: /root/rocket-sim/install/vtvl_msgs/include/vtvl_msgs/vtvl_msgs/msg/vehicle_state.h
-- Symlinking: /root/rocket-sim/install/vtvl_msgs/share/vtvl_msgs/environment/library_path.sh
-- Symlinking: /root/rocket-sim/install/vtvl_msgs/share/vtvl_msgs/environment/library_path.dsv
-- Symlinking: /root/rocket-sim/install/vtvl_msgs/include/vtvl_msgs/vtvl_msgs/msg/detail/vehicle_state__rosidl_typesupport_fastrtps_c.h
-- Symlinking: /root/rocket-sim/install/vtvl_msgs/include/vtvl_msgs/vtvl_msgs/msg/rosidl_typesupport_fastrtps_c__visibility_control.h
-- Symlinking: /root/rocket-sim/install/vtvl_msgs/include/vtvl_msgs/vtvl_msgs/msg/detail/vehicle_state__rosidl_typesupport_introspection_c.h
-- Symlinking: /root/rocket-sim/install/vtvl_msgs/include/vtvl_msgs/vtvl_msgs/msg/rosidl_typesupport_introspection_c__visibility_control.h
-- Symlinking: /root/rocket-sim/install/vtvl_msgs/include/vtvl_msgs/vtvl_msgs/msg/detail/vehicle_state__builder.hpp
-- Symlinking: /root/rocket-sim/install/vtvl_msgs/include/vtvl_msgs/vtvl_msgs/msg/detail/vehicle_state__struct.hpp
-- Symlinking: /root/rocket-sim/install/vtvl_msgs/include/vtvl_msgs/vtvl_msgs/msg/detail/vehicle_state__traits.hpp
-- Symlinking: /root/rocket-sim/install/vtvl_msgs/include/vtvl_msgs/vtvl_msgs/msg/detail/vehicle_state__type_support.hpp
-- Symlinking: /root/rocket-sim/install/vtvl_msgs/include/vtvl_msgs/vtvl_msgs/msg/rosidl_generator_cpp__visibility_control.hpp
-- Symlinking: /root/rocket-sim/install/vtvl_msgs/include/vtvl_msgs/vtvl_msgs/msg/vehicle_state.hpp
-- Symlinking: /root/rocket-sim/install/vtvl_msgs/include/vtvl_msgs/vtvl_msgs/msg/detail/vehicle_state__rosidl_typesupport_fastrtps_cpp.hpp
-- Symlinking: /root/rocket-sim/install/vtvl_msgs/include/vtvl_msgs/vtvl_msgs/msg/rosidl_typesupport_fastrtps_cpp__visibility_control.h
-- Symlinking: /root/rocket-sim/install/vtvl_msgs/include/vtvl_msgs/vtvl_msgs/msg/detail/vehicle_state__rosidl_typesupport_introspection_cpp.hpp
-- Symlinking: /root/rocket-sim/install/vtvl_msgs/share/vtvl_msgs/environment/pythonpath.sh
-- Symlinking: /root/rocket-sim/install/vtvl_msgs/share/vtvl_msgs/environment/pythonpath.dsv
-- Symlinking: /root/rocket-sim/install/vtvl_msgs/local/lib/python3.10/dist-packages/vtvl_msgs-0.0.0-py3.10.egg-info/PKG-INFO
-- Symlinking: /root/rocket-sim/install/vtvl_msgs/local/lib/python3.10/dist-packages/vtvl_msgs-0.0.0-py3.10.egg-info/SOURCES.txt
-- Symlinking: /root/rocket-sim/install/vtvl_msgs/local/lib/python3.10/dist-packages/vtvl_msgs-0.0.0-py3.10.egg-info/dependency_links.txt
-- Symlinking: /root/rocket-sim/install/vtvl_msgs/local/lib/python3.10/dist-packages/vtvl_msgs-0.0.0-py3.10.egg-info/top_level.txt
-- Symlinking: /root/rocket-sim/install/vtvl_msgs/local/lib/python3.10/dist-packages/vtvl_msgs/__init__.py
-- Symlinking: /root/rocket-sim/install/vtvl_msgs/local/lib/python3.10/dist-packages/vtvl_msgs/_vtvl_msgs_s.ep.rosidl_typesupport_c.c
-- Symlinking: /root/rocket-sim/install/vtvl_msgs/local/lib/python3.10/dist-packages/vtvl_msgs/_vtvl_msgs_s.ep.rosidl_typesupport_fastrtps_c.c
-- Symlinking: /root/rocket-sim/install/vtvl_msgs/local/lib/python3.10/dist-packages/vtvl_msgs/_vtvl_msgs_s.ep.rosidl_typesupport_introspection_c.c
-- Symlinking: /root/rocket-sim/install/vtvl_msgs/local/lib/python3.10/dist-packages/vtvl_msgs/libvtvl_msgs__rosidl_generator_py.so
-- Symlinking: /root/rocket-sim/install/vtvl_msgs/local/lib/python3.10/dist-packages/vtvl_msgs/msg/__init__.py
-- Symlinking: /root/rocket-sim/install/vtvl_msgs/local/lib/python3.10/dist-packages/vtvl_msgs/msg/_vehicle_state.py
-- Symlinking: /root/rocket-sim/install/vtvl_msgs/local/lib/python3.10/dist-packages/vtvl_msgs/msg/_vehicle_state_s.c
-- Symlinking: /root/rocket-sim/install/vtvl_msgs/local/lib/python3.10/dist-packages/vtvl_msgs/vtvl_msgs_s__rosidl_typesupport_c.cpython-310-x86_64-linux-gnu.so
-- Symlinking: /root/rocket-sim/install/vtvl_msgs/local/lib/python3.10/dist-packages/vtvl_msgs/vtvl_msgs_s__rosidl_typesupport_fastrtps_c.cpython-310-x86_64-linux-gnu.so
-- Symlinking: /root/rocket-sim/install/vtvl_msgs/local/lib/python3.10/dist-packages/vtvl_msgs/vtvl_msgs_s__rosidl_typesupport_introspection_c.cpython-310-x86_64-linux-gnu.so
-- Up-to-date symlink: /root/rocket-sim/install/vtvl_msgs/local/lib/python3.10/dist-packages/vtvl_msgs/vtvl_msgs_s__rosidl_typesupport_fastrtps_c.cpython-310-x86_64-linux-gnu.so
-- Up-to-date symlink: /root/rocket-sim/install/vtvl_msgs/local/lib/python3.10/dist-packages/vtvl_msgs/vtvl_msgs_s__rosidl_typesupport_introspection_c.cpython-310-x86_64-linux-gnu.so
-- Up-to-date symlink: /root/rocket-sim/install/vtvl_msgs/local/lib/python3.10/dist-packages/vtvl_msgs/vtvl_msgs_s__rosidl_typesupport_c.cpython-310-x86_64-linux-gnu.so
-- Symlinking: /root/rocket-sim/install/vtvl_msgs/share/vtvl_msgs/msg/VehicleState.idl
-- Symlinking: /root/rocket-sim/install/vtvl_msgs/share/vtvl_msgs/msg/VehicleState.msg
-- Symlinking: /root/rocket-sim/install/vtvl_msgs/share/ament_index/resource_index/package_run_dependencies/vtvl_msgs
-- Symlinking: /root/rocket-sim/install/vtvl_msgs/share/ament_index/resource_index/parent_prefix_path/vtvl_msgs
-- Symlinking: /root/rocket-sim/install/vtvl_msgs/share/vtvl_msgs/environment/ament_prefix_path.sh
-- Symlinking: /root/rocket-sim/install/vtvl_msgs/share/vtvl_msgs/environment/ament_prefix_path.dsv
-- Symlinking: /root/rocket-sim/install/vtvl_msgs/share/vtvl_msgs/environment/path.sh
-- Symlinking: /root/rocket-sim/install/vtvl_msgs/share/vtvl_msgs/environment/path.dsv
-- Symlinking: /root/rocket-sim/install/vtvl_msgs/share/vtvl_msgs/local_setup.bash
-- Symlinking: /root/rocket-sim/install/vtvl_msgs/share/vtvl_msgs/local_setup.sh
-- Symlinking: /root/rocket-sim/install/vtvl_msgs/share/vtvl_msgs/local_setup.zsh
-- Symlinking: /root/rocket-sim/install/vtvl_msgs/share/vtvl_msgs/local_setup.dsv
-- Symlinking: /root/rocket-sim/install/vtvl_msgs/share/vtvl_msgs/package.dsv
-- Symlinking: /root/rocket-sim/install/vtvl_msgs/share/ament_index/resource_index/packages/vtvl_msgs
-- Symlinking: /root/rocket-sim/install/vtvl_msgs/share/vtvl_msgs/cmake/rosidl_cmake-extras.cmake
-- Symlinking: /root/rocket-sim/install/vtvl_msgs/share/vtvl_msgs/cmake/ament_cmake_export_dependencies-extras.cmake
-- Symlinking: /root/rocket-sim/install/vtvl_msgs/share/vtvl_msgs/cmake/ament_cmake_export_include_directories-extras.cmake
-- Symlinking: /root/rocket-sim/install/vtvl_msgs/share/vtvl_msgs/cmake/ament_cmake_export_libraries-extras.cmake
-- Symlinking: /root/rocket-sim/install/vtvl_msgs/share/vtvl_msgs/cmake/ament_cmake_export_targets-extras.cmake
-- Symlinking: /root/rocket-sim/install/vtvl_msgs/share/vtvl_msgs/cmake/rosidl_cmake_export_typesupport_targets-extras.cmake
-- Symlinking: /root/rocket-sim/install/vtvl_msgs/share/vtvl_msgs/cmake/rosidl_cmake_export_typesupport_libraries-extras.cmake
-- Symlinking: /root/rocket-sim/install/vtvl_msgs/share/vtvl_msgs/cmake/vtvl_msgsConfig.cmake
-- Symlinking: /root/rocket-sim/install/vtvl_msgs/share/vtvl_msgs/cmake/vtvl_msgsConfig-version.cmake
-- Symlinking: /root/rocket-sim/install/vtvl_msgs/share/vtvl_msgs/package.xml
-- Installing: /root/rocket-sim/install/vtvl_msgs/lib/libvtvl_msgs__rosidl_generator_c.so
-- Set runtime path of "/root/rocket-sim/install/vtvl_msgs/lib/libvtvl_msgs__rosidl_generator_c.so" to ""
-- Installing: /root/rocket-sim/install/vtvl_msgs/lib/libvtvl_msgs__rosidl_typesupport_fastrtps_c.so
-- Set runtime path of "/root/rocket-sim/install/vtvl_msgs/lib/libvtvl_msgs__rosidl_typesupport_fastrtps_c.so" to ""
-- Installing: /root/rocket-sim/install/vtvl_msgs/lib/libvtvl_msgs__rosidl_typesupport_introspection_c.so
-- Set runtime path of "/root/rocket-sim/install/vtvl_msgs/lib/libvtvl_msgs__rosidl_typesupport_introspection_c.so" to ""
-- Installing: /root/rocket-sim/install/vtvl_msgs/lib/libvtvl_msgs__rosidl_typesupport_c.so
-- Set runtime path of "/root/rocket-sim/install/vtvl_msgs/lib/libvtvl_msgs__rosidl_typesupport_c.so" to ""
-- Installing: /root/rocket-sim/install/vtvl_msgs/lib/libvtvl_msgs__rosidl_typesupport_fastrtps_cpp.so
-- Set runtime path of "/root/rocket-sim/install/vtvl_msgs/lib/libvtvl_msgs__rosidl_typesupport_fastrtps_cpp.so" to ""
-- Installing: /root/rocket-sim/install/vtvl_msgs/lib/libvtvl_msgs__rosidl_typesupport_introspection_cpp.so
-- Set runtime path of "/root/rocket-sim/install/vtvl_msgs/lib/libvtvl_msgs__rosidl_typesupport_introspection_cpp.so" to ""
-- Installing: /root/rocket-sim/install/vtvl_msgs/lib/libvtvl_msgs__rosidl_typesupport_cpp.so
-- Set runtime path of "/root/rocket-sim/install/vtvl_msgs/lib/libvtvl_msgs__rosidl_typesupport_cpp.so" to ""
Listing '/root/rocket-sim/install/vtvl_msgs/local/lib/python3.10/dist-packages/vtvl_msgs'...
Compiling '/root/rocket-sim/install/vtvl_msgs/local/lib/python3.10/dist-packages/vtvl_msgs/__init__.py'...
Listing '/root/rocket-sim/install/vtvl_msgs/local/lib/python3.10/dist-packages/vtvl_msgs/msg'...
Compiling '/root/rocket-sim/install/vtvl_msgs/local/lib/python3.10/dist-packages/vtvl_msgs/msg/__init__.py'...
Compiling '/root/rocket-sim/install/vtvl_msgs/local/lib/python3.10/dist-packages/vtvl_msgs/msg/_vehicle_state.py'...
-- Installing: /root/rocket-sim/install/vtvl_msgs/lib/libvtvl_msgs__rosidl_generator_py.so
-- Set runtime path of "/root/rocket-sim/install/vtvl_msgs/lib/libvtvl_msgs__rosidl_generator_py.so" to ""
-- Installing: /root/rocket-sim/install/vtvl_msgs/share/vtvl_msgs/cmake/export_vtvl_msgs__rosidl_generator_cExport.cmake
-- Installing: /root/rocket-sim/install/vtvl_msgs/share/vtvl_msgs/cmake/export_vtvl_msgs__rosidl_generator_cExport-noconfig.cmake
-- Installing: /root/rocket-sim/install/vtvl_msgs/share/vtvl_msgs/cmake/export_vtvl_msgs__rosidl_typesupport_fastrtps_cExport.cmake
-- Installing: /root/rocket-sim/install/vtvl_msgs/share/vtvl_msgs/cmake/export_vtvl_msgs__rosidl_typesupport_fastrtps_cExport-noconfig.cmake
-- Installing: /root/rocket-sim/install/vtvl_msgs/share/vtvl_msgs/cmake/vtvl_msgs__rosidl_typesupport_introspection_cExport.cmake
-- Installing: /root/rocket-sim/install/vtvl_msgs/share/vtvl_msgs/cmake/vtvl_msgs__rosidl_typesupport_introspection_cExport-noconfig.cmake
-- Installing: /root/rocket-sim/install/vtvl_msgs/share/vtvl_msgs/cmake/vtvl_msgs__rosidl_typesupport_cExport.cmake
-- Installing: /root/rocket-sim/install/vtvl_msgs/share/vtvl_msgs/cmake/vtvl_msgs__rosidl_typesupport_cExport-noconfig.cmake
-- Installing: /root/rocket-sim/install/vtvl_msgs/share/vtvl_msgs/cmake/export_vtvl_msgs__rosidl_generator_cppExport.cmake
-- Installing: /root/rocket-sim/install/vtvl_msgs/share/vtvl_msgs/cmake/export_vtvl_msgs__rosidl_typesupport_fastrtps_cppExport.cmake
-- Installing: /root/rocket-sim/install/vtvl_msgs/share/vtvl_msgs/cmake/export_vtvl_msgs__rosidl_typesupport_fastrtps_cppExport-noconfig.cmake
-- Installing: /root/rocket-sim/install/vtvl_msgs/share/vtvl_msgs/cmake/vtvl_msgs__rosidl_typesupport_introspection_cppExport.cmake
-- Installing: /root/rocket-sim/install/vtvl_msgs/share/vtvl_msgs/cmake/vtvl_msgs__rosidl_typesupport_introspection_cppExport-noconfig.cmake
-- Installing: /root/rocket-sim/install/vtvl_msgs/share/vtvl_msgs/cmake/vtvl_msgs__rosidl_typesupport_cppExport.cmake
-- Installing: /root/rocket-sim/install/vtvl_msgs/share/vtvl_msgs/cmake/vtvl_msgs__rosidl_typesupport_cppExport-noconfig.cmake
-- Installing: /root/rocket-sim/install/vtvl_msgs/share/vtvl_msgs/cmake/export_vtvl_msgs__rosidl_generator_pyExport.cmake
-- Installing: /root/rocket-sim/install/vtvl_msgs/share/vtvl_msgs/cmake/export_vtvl_msgs__rosidl_generator_pyExport-noconfig.cmake
