[0.008s] Invoking command in '/root/rocket-sim/build/vtvl_msgs': CMAKE_PREFIX_PATH=/opt/ros/humble /usr/bin/cmake /root/rocket-sim/src/vtvl_msgs -DAMENT_CMAKE_SYMLINK_INSTALL=1 -DCMAKE_INSTALL_PREFIX=/root/rocket-sim/install/vtvl_msgs
[0.018s] -- Found ament_cmake: 1.3.12 (/opt/ros/humble/share/ament_cmake/cmake)
[0.112s] -- Override CMake install command with custom implementation using symlinks instead of copying resources
[0.119s] -- Found rosidl_default_generators: 1.2.0 (/opt/ros/humble/share/rosidl_default_generators/cmake)
[0.120s] -- Using all available rosidl_typesupport_c: rosidl_typesupport_fastrtps_c;rosidl_typesupport_introspection_c
[0.122s] -- Found rosidl_adapter: 3.1.7 (/opt/ros/humble/share/rosidl_adapter/cmake)
[0.145s] -- Using all available rosidl_typesupport_cpp: rosidl_typesupport_fastrtps_cpp;rosidl_typesupport_introspection_cpp
[0.164s] -- Found std_msgs: 4.9.0 (/opt/ros/humble/share/std_msgs/cmake)
[0.181s] -- Found geometry_msgs: 4.9.0 (/opt/ros/humble/share/geometry_msgs/cmake)
[0.190s] -- Found ament_lint_auto: 0.12.14 (/opt/ros/humble/share/ament_lint_auto/cmake)
[0.443s] -- Found ament_cmake_ros: 0.10.0 (/opt/ros/humble/share/ament_cmake_ros/cmake)
[0.652s] -- Using all available rosidl_typesupport_c: rosidl_typesupport_fastrtps_c;rosidl_typesupport_introspection_c
[0.916s] -- Using all available rosidl_typesupport_cpp: rosidl_typesupport_fastrtps_cpp;rosidl_typesupport_introspection_cpp
[0.936s] -- Found PythonInterp: /usr/bin/python3 (found suitable version "3.10.12", minimum required is "3.6") 
[0.938s] -- Found python_cmake_module: 0.10.0 (/opt/ros/humble/share/python_cmake_module/cmake)
[0.966s] -- Found PythonLibs: /usr/lib/x86_64-linux-gnu/libpython3.10.so (found suitable version "3.10.12", minimum required is "3.5") 
[0.966s] -- Using PYTHON_EXECUTABLE: /usr/bin/python3
[0.966s] -- Using PYTHON_INCLUDE_DIRS: /usr/include/python3.10
[0.966s] -- Using PYTHON_LIBRARIES: /usr/lib/x86_64-linux-gnu/libpython3.10.so
[0.982s] -- Found PythonExtra: .so  
[1.042s] -- Added test 'lint_cmake' to check CMake code style
[1.043s] -- Added test 'xmllint' to check XML markup files
[1.052s] -- Configuring done
[1.094s] -- Generating done
[1.103s] -- Build files have been written to: /root/rocket-sim/build/vtvl_msgs
[1.108s] Invoked command in '/root/rocket-sim/build/vtvl_msgs' returned '0': CMAKE_PREFIX_PATH=/opt/ros/humble /usr/bin/cmake /root/rocket-sim/src/vtvl_msgs -DAMENT_CMAKE_SYMLINK_INSTALL=1 -DCMAKE_INSTALL_PREFIX=/root/rocket-sim/install/vtvl_msgs
[1.110s] Invoking command in '/root/rocket-sim/build/vtvl_msgs': CMAKE_PREFIX_PATH=/opt/ros/humble /usr/bin/cmake --build /root/rocket-sim/build/vtvl_msgs -- -j16 -l16
[1.145s] [  3%] [34m[1mGenerating C code for ROS interfaces[0m
[1.154s] [  6%] [34m[1mGenerating C++ code for ROS interfaces[0m
[1.161s] [  6%] Built target ament_cmake_python_symlink_vtvl_msgs
[1.342s] running egg_info
[1.342s] creating vtvl_msgs.egg-info
[1.343s] writing vtvl_msgs.egg-info/PKG-INFO
[1.343s] writing dependency_links to vtvl_msgs.egg-info/dependency_links.txt
[1.343s] writing top-level names to vtvl_msgs.egg-info/top_level.txt
[1.343s] writing manifest file 'vtvl_msgs.egg-info/SOURCES.txt'
[1.346s] reading manifest file 'vtvl_msgs.egg-info/SOURCES.txt'
[1.347s] writing manifest file 'vtvl_msgs.egg-info/SOURCES.txt'
[1.367s] [  6%] Built target ament_cmake_python_build_vtvl_msgs_egg
[1.408s] [  6%] Built target vtvl_msgs__cpp
[1.418s] [ 16%] [34m[1mGenerating C++ type support dispatch for ROS interfaces[0m
[1.418s] [ 16%] [34m[1mGenerating C++ type support for eProsima Fast-RTPS[0m
[1.418s] [ 16%] [34m[1mGenerating C++ introspection for ROS interfaces[0m
[1.420s] [ 19%] [32mBuilding C object CMakeFiles/vtvl_msgs__rosidl_generator_c.dir/rosidl_generator_c/vtvl_msgs/msg/detail/vehicle_state__functions.c.o[0m
[1.551s] [ 22%] [32m[1mLinking C shared library libvtvl_msgs__rosidl_generator_c.so[0m
[1.594s] [ 22%] Built target vtvl_msgs__rosidl_generator_c
[1.605s] [ 32%] [34m[1mGenerating C introspection for ROS interfaces[0m
[1.605s] [ 32%] [34m[1mGenerating C type support for eProsima Fast-RTPS[0m
[1.605s] [ 32%] [34m[1mGenerating C type support dispatch for ROS interfaces[0m
[1.647s] [ 35%] [32mBuilding CXX object CMakeFiles/vtvl_msgs__rosidl_typesupport_cpp.dir/rosidl_typesupport_cpp/vtvl_msgs/msg/vehicle_state__type_support.cpp.o[0m
[1.668s] [ 38%] [32mBuilding CXX object CMakeFiles/vtvl_msgs__rosidl_typesupport_introspection_cpp.dir/rosidl_typesupport_introspection_cpp/vtvl_msgs/msg/detail/vehicle_state__type_support.cpp.o[0m
[1.684s] [ 41%] [32mBuilding CXX object CMakeFiles/vtvl_msgs__rosidl_typesupport_fastrtps_cpp.dir/rosidl_typesupport_fastrtps_cpp/vtvl_msgs/msg/detail/dds_fastrtps/vehicle_state__type_support.cpp.o[0m
[1.851s] [ 45%] [32mBuilding CXX object CMakeFiles/vtvl_msgs__rosidl_typesupport_c.dir/rosidl_typesupport_c/vtvl_msgs/msg/vehicle_state__type_support.cpp.o[0m
[1.869s] [ 48%] [32mBuilding C object CMakeFiles/vtvl_msgs__rosidl_typesupport_introspection_c.dir/rosidl_typesupport_introspection_c/vtvl_msgs/msg/detail/vehicle_state__type_support.c.o[0m
[1.874s] [ 51%] [32mBuilding CXX object CMakeFiles/vtvl_msgs__rosidl_typesupport_fastrtps_c.dir/rosidl_typesupport_fastrtps_c/vtvl_msgs/msg/detail/vehicle_state__type_support_c.cpp.o[0m
[1.897s] [ 54%] [32m[1mLinking CXX shared library libvtvl_msgs__rosidl_typesupport_c.so[0m
[1.921s] [ 58%] [32m[1mLinking C shared library libvtvl_msgs__rosidl_typesupport_introspection_c.so[0m
[1.943s] [ 58%] Built target vtvl_msgs__rosidl_typesupport_c
[1.958s] [ 58%] Built target vtvl_msgs__rosidl_typesupport_introspection_c
[2.000s] [ 61%] [32m[1mLinking CXX shared library libvtvl_msgs__rosidl_typesupport_cpp.so[0m
[2.046s] [ 61%] Built target vtvl_msgs__rosidl_typesupport_cpp
[2.093s] [ 64%] [32m[1mLinking CXX shared library libvtvl_msgs__rosidl_typesupport_introspection_cpp.so[0m
[2.118s] [ 67%] [32m[1mLinking CXX shared library libvtvl_msgs__rosidl_typesupport_fastrtps_cpp.so[0m
[2.153s] [ 70%] [32m[1mLinking CXX shared library libvtvl_msgs__rosidl_typesupport_fastrtps_c.so[0m
[2.154s] [ 70%] Built target vtvl_msgs__rosidl_typesupport_introspection_cpp
[2.196s] [ 70%] Built target vtvl_msgs__rosidl_typesupport_fastrtps_cpp
[2.222s] [ 70%] Built target vtvl_msgs__rosidl_typesupport_fastrtps_c
[2.239s] [ 70%] Built target vtvl_msgs
[2.258s] [ 74%] [34m[1mGenerating Python code for ROS interfaces[0m
[2.573s] [ 74%] Built target vtvl_msgs__py
[2.591s] [ 77%] [32mBuilding C object CMakeFiles/vtvl_msgs__rosidl_generator_py.dir/rosidl_generator_py/vtvl_msgs/msg/_vehicle_state_s.c.o[0m
[2.749s] [ 80%] [32m[1mLinking C shared library rosidl_generator_py/vtvl_msgs/libvtvl_msgs__rosidl_generator_py.so[0m
[2.790s] [ 80%] Built target vtvl_msgs__rosidl_generator_py
[2.809s] [ 87%] [32mBuilding C object CMakeFiles/vtvl_msgs__rosidl_typesupport_introspection_c__pyext.dir/rosidl_generator_py/vtvl_msgs/_vtvl_msgs_s.ep.rosidl_typesupport_introspection_c.c.o[0m
[2.809s] [ 87%] [32mBuilding C object CMakeFiles/vtvl_msgs__rosidl_typesupport_c__pyext.dir/rosidl_generator_py/vtvl_msgs/_vtvl_msgs_s.ep.rosidl_typesupport_c.c.o[0m
[2.809s] [ 90%] [32mBuilding C object CMakeFiles/vtvl_msgs__rosidl_typesupport_fastrtps_c__pyext.dir/rosidl_generator_py/vtvl_msgs/_vtvl_msgs_s.ep.rosidl_typesupport_fastrtps_c.c.o[0m
[2.898s] [100%] [32m[1mLinking C shared library rosidl_generator_py/vtvl_msgs/vtvl_msgs_s__rosidl_typesupport_fastrtps_c.cpython-310-x86_64-linux-gnu.so[0m
[2.898s] [100%] [32m[1mLinking C shared library rosidl_generator_py/vtvl_msgs/vtvl_msgs_s__rosidl_typesupport_c.cpython-310-x86_64-linux-gnu.so[0m
[2.899s] [100%] [32m[1mLinking C shared library rosidl_generator_py/vtvl_msgs/vtvl_msgs_s__rosidl_typesupport_introspection_c.cpython-310-x86_64-linux-gnu.so[0m
[2.936s] [100%] Built target vtvl_msgs__rosidl_typesupport_fastrtps_c__pyext
[2.936s] [100%] Built target vtvl_msgs__rosidl_typesupport_c__pyext
[2.936s] [100%] Built target vtvl_msgs__rosidl_typesupport_introspection_c__pyext
[2.947s] Invoked command in '/root/rocket-sim/build/vtvl_msgs' returned '0': CMAKE_PREFIX_PATH=/opt/ros/humble /usr/bin/cmake --build /root/rocket-sim/build/vtvl_msgs -- -j16 -l16
[2.948s] Invoking command in '/root/rocket-sim/build/vtvl_msgs': CMAKE_PREFIX_PATH=/opt/ros/humble /usr/bin/cmake --install /root/rocket-sim/build/vtvl_msgs
[2.954s] -- Install configuration: ""
[2.955s] -- Execute custom install script
[2.955s] -- Symlinking: /root/rocket-sim/install/vtvl_msgs/share/ament_index/resource_index/rosidl_interfaces/vtvl_msgs
[2.964s] -- Symlinking: /root/rocket-sim/install/vtvl_msgs/include/vtvl_msgs/vtvl_msgs/msg/detail/vehicle_state__functions.h
[2.973s] -- Symlinking: /root/rocket-sim/install/vtvl_msgs/include/vtvl_msgs/vtvl_msgs/msg/detail/vehicle_state__struct.h
[2.982s] -- Symlinking: /root/rocket-sim/install/vtvl_msgs/include/vtvl_msgs/vtvl_msgs/msg/detail/vehicle_state__type_support.h
[2.991s] -- Symlinking: /root/rocket-sim/install/vtvl_msgs/include/vtvl_msgs/vtvl_msgs/msg/rosidl_generator_c__visibility_control.h
[3.000s] -- Symlinking: /root/rocket-sim/install/vtvl_msgs/include/vtvl_msgs/vtvl_msgs/msg/vehicle_state.h
[3.009s] -- Symlinking: /root/rocket-sim/install/vtvl_msgs/share/vtvl_msgs/environment/library_path.sh
[3.018s] -- Symlinking: /root/rocket-sim/install/vtvl_msgs/share/vtvl_msgs/environment/library_path.dsv
[3.028s] -- Symlinking: /root/rocket-sim/install/vtvl_msgs/include/vtvl_msgs/vtvl_msgs/msg/detail/vehicle_state__rosidl_typesupport_fastrtps_c.h
[3.036s] -- Symlinking: /root/rocket-sim/install/vtvl_msgs/include/vtvl_msgs/vtvl_msgs/msg/rosidl_typesupport_fastrtps_c__visibility_control.h
[3.046s] -- Symlinking: /root/rocket-sim/install/vtvl_msgs/include/vtvl_msgs/vtvl_msgs/msg/detail/vehicle_state__rosidl_typesupport_introspection_c.h
[3.054s] -- Symlinking: /root/rocket-sim/install/vtvl_msgs/include/vtvl_msgs/vtvl_msgs/msg/rosidl_typesupport_introspection_c__visibility_control.h
[3.064s] -- Symlinking: /root/rocket-sim/install/vtvl_msgs/include/vtvl_msgs/vtvl_msgs/msg/detail/vehicle_state__builder.hpp
[3.072s] -- Symlinking: /root/rocket-sim/install/vtvl_msgs/include/vtvl_msgs/vtvl_msgs/msg/detail/vehicle_state__struct.hpp
[3.082s] -- Symlinking: /root/rocket-sim/install/vtvl_msgs/include/vtvl_msgs/vtvl_msgs/msg/detail/vehicle_state__traits.hpp
[3.091s] -- Symlinking: /root/rocket-sim/install/vtvl_msgs/include/vtvl_msgs/vtvl_msgs/msg/detail/vehicle_state__type_support.hpp
[3.099s] -- Symlinking: /root/rocket-sim/install/vtvl_msgs/include/vtvl_msgs/vtvl_msgs/msg/rosidl_generator_cpp__visibility_control.hpp
[3.108s] -- Symlinking: /root/rocket-sim/install/vtvl_msgs/include/vtvl_msgs/vtvl_msgs/msg/vehicle_state.hpp
[3.117s] -- Symlinking: /root/rocket-sim/install/vtvl_msgs/include/vtvl_msgs/vtvl_msgs/msg/detail/vehicle_state__rosidl_typesupport_fastrtps_cpp.hpp
[3.125s] -- Symlinking: /root/rocket-sim/install/vtvl_msgs/include/vtvl_msgs/vtvl_msgs/msg/rosidl_typesupport_fastrtps_cpp__visibility_control.h
[3.134s] -- Symlinking: /root/rocket-sim/install/vtvl_msgs/include/vtvl_msgs/vtvl_msgs/msg/detail/vehicle_state__rosidl_typesupport_introspection_cpp.hpp
[3.142s] -- Symlinking: /root/rocket-sim/install/vtvl_msgs/share/vtvl_msgs/environment/pythonpath.sh
[3.150s] -- Symlinking: /root/rocket-sim/install/vtvl_msgs/share/vtvl_msgs/environment/pythonpath.dsv
[3.159s] -- Symlinking: /root/rocket-sim/install/vtvl_msgs/local/lib/python3.10/dist-packages/vtvl_msgs-0.0.0-py3.10.egg-info/PKG-INFO
[3.167s] -- Symlinking: /root/rocket-sim/install/vtvl_msgs/local/lib/python3.10/dist-packages/vtvl_msgs-0.0.0-py3.10.egg-info/SOURCES.txt
[3.175s] -- Symlinking: /root/rocket-sim/install/vtvl_msgs/local/lib/python3.10/dist-packages/vtvl_msgs-0.0.0-py3.10.egg-info/dependency_links.txt
[3.184s] -- Symlinking: /root/rocket-sim/install/vtvl_msgs/local/lib/python3.10/dist-packages/vtvl_msgs-0.0.0-py3.10.egg-info/top_level.txt
[3.193s] -- Symlinking: /root/rocket-sim/install/vtvl_msgs/local/lib/python3.10/dist-packages/vtvl_msgs/__init__.py
[3.201s] -- Symlinking: /root/rocket-sim/install/vtvl_msgs/local/lib/python3.10/dist-packages/vtvl_msgs/_vtvl_msgs_s.ep.rosidl_typesupport_c.c
[3.210s] -- Symlinking: /root/rocket-sim/install/vtvl_msgs/local/lib/python3.10/dist-packages/vtvl_msgs/_vtvl_msgs_s.ep.rosidl_typesupport_fastrtps_c.c
[3.218s] -- Symlinking: /root/rocket-sim/install/vtvl_msgs/local/lib/python3.10/dist-packages/vtvl_msgs/_vtvl_msgs_s.ep.rosidl_typesupport_introspection_c.c
[3.227s] -- Symlinking: /root/rocket-sim/install/vtvl_msgs/local/lib/python3.10/dist-packages/vtvl_msgs/libvtvl_msgs__rosidl_generator_py.so
[3.235s] -- Symlinking: /root/rocket-sim/install/vtvl_msgs/local/lib/python3.10/dist-packages/vtvl_msgs/msg/__init__.py
[3.243s] -- Symlinking: /root/rocket-sim/install/vtvl_msgs/local/lib/python3.10/dist-packages/vtvl_msgs/msg/_vehicle_state.py
[3.250s] -- Symlinking: /root/rocket-sim/install/vtvl_msgs/local/lib/python3.10/dist-packages/vtvl_msgs/msg/_vehicle_state_s.c
[3.258s] -- Symlinking: /root/rocket-sim/install/vtvl_msgs/local/lib/python3.10/dist-packages/vtvl_msgs/vtvl_msgs_s__rosidl_typesupport_c.cpython-310-x86_64-linux-gnu.so
[3.266s] -- Symlinking: /root/rocket-sim/install/vtvl_msgs/local/lib/python3.10/dist-packages/vtvl_msgs/vtvl_msgs_s__rosidl_typesupport_fastrtps_c.cpython-310-x86_64-linux-gnu.so
[3.275s] -- Symlinking: /root/rocket-sim/install/vtvl_msgs/local/lib/python3.10/dist-packages/vtvl_msgs/vtvl_msgs_s__rosidl_typesupport_introspection_c.cpython-310-x86_64-linux-gnu.so
[3.283s] -- Up-to-date symlink: /root/rocket-sim/install/vtvl_msgs/local/lib/python3.10/dist-packages/vtvl_msgs/vtvl_msgs_s__rosidl_typesupport_fastrtps_c.cpython-310-x86_64-linux-gnu.so
[3.284s] -- Up-to-date symlink: /root/rocket-sim/install/vtvl_msgs/local/lib/python3.10/dist-packages/vtvl_msgs/vtvl_msgs_s__rosidl_typesupport_introspection_c.cpython-310-x86_64-linux-gnu.so
[3.284s] -- Up-to-date symlink: /root/rocket-sim/install/vtvl_msgs/local/lib/python3.10/dist-packages/vtvl_msgs/vtvl_msgs_s__rosidl_typesupport_c.cpython-310-x86_64-linux-gnu.so
[3.284s] -- Symlinking: /root/rocket-sim/install/vtvl_msgs/share/vtvl_msgs/msg/VehicleState.idl
[3.292s] -- Symlinking: /root/rocket-sim/install/vtvl_msgs/share/vtvl_msgs/msg/VehicleState.msg
[3.301s] -- Symlinking: /root/rocket-sim/install/vtvl_msgs/share/ament_index/resource_index/package_run_dependencies/vtvl_msgs
[3.310s] -- Symlinking: /root/rocket-sim/install/vtvl_msgs/share/ament_index/resource_index/parent_prefix_path/vtvl_msgs
[3.318s] -- Symlinking: /root/rocket-sim/install/vtvl_msgs/share/vtvl_msgs/environment/ament_prefix_path.sh
[3.326s] -- Symlinking: /root/rocket-sim/install/vtvl_msgs/share/vtvl_msgs/environment/ament_prefix_path.dsv
[3.334s] -- Symlinking: /root/rocket-sim/install/vtvl_msgs/share/vtvl_msgs/environment/path.sh
[3.343s] -- Symlinking: /root/rocket-sim/install/vtvl_msgs/share/vtvl_msgs/environment/path.dsv
[3.352s] -- Symlinking: /root/rocket-sim/install/vtvl_msgs/share/vtvl_msgs/local_setup.bash
[3.361s] -- Symlinking: /root/rocket-sim/install/vtvl_msgs/share/vtvl_msgs/local_setup.sh
[3.369s] -- Symlinking: /root/rocket-sim/install/vtvl_msgs/share/vtvl_msgs/local_setup.zsh
[3.377s] -- Symlinking: /root/rocket-sim/install/vtvl_msgs/share/vtvl_msgs/local_setup.dsv
[3.384s] -- Symlinking: /root/rocket-sim/install/vtvl_msgs/share/vtvl_msgs/package.dsv
[3.392s] -- Symlinking: /root/rocket-sim/install/vtvl_msgs/share/ament_index/resource_index/packages/vtvl_msgs
[3.400s] -- Symlinking: /root/rocket-sim/install/vtvl_msgs/share/vtvl_msgs/cmake/rosidl_cmake-extras.cmake
[3.407s] -- Symlinking: /root/rocket-sim/install/vtvl_msgs/share/vtvl_msgs/cmake/ament_cmake_export_dependencies-extras.cmake
[3.414s] -- Symlinking: /root/rocket-sim/install/vtvl_msgs/share/vtvl_msgs/cmake/ament_cmake_export_include_directories-extras.cmake
[3.422s] -- Symlinking: /root/rocket-sim/install/vtvl_msgs/share/vtvl_msgs/cmake/ament_cmake_export_libraries-extras.cmake
[3.429s] -- Symlinking: /root/rocket-sim/install/vtvl_msgs/share/vtvl_msgs/cmake/ament_cmake_export_targets-extras.cmake
[3.436s] -- Symlinking: /root/rocket-sim/install/vtvl_msgs/share/vtvl_msgs/cmake/rosidl_cmake_export_typesupport_targets-extras.cmake
[3.443s] -- Symlinking: /root/rocket-sim/install/vtvl_msgs/share/vtvl_msgs/cmake/rosidl_cmake_export_typesupport_libraries-extras.cmake
[3.450s] -- Symlinking: /root/rocket-sim/install/vtvl_msgs/share/vtvl_msgs/cmake/vtvl_msgsConfig.cmake
[3.458s] -- Symlinking: /root/rocket-sim/install/vtvl_msgs/share/vtvl_msgs/cmake/vtvl_msgsConfig-version.cmake
[3.466s] -- Symlinking: /root/rocket-sim/install/vtvl_msgs/share/vtvl_msgs/package.xml
[3.473s] -- Installing: /root/rocket-sim/install/vtvl_msgs/lib/libvtvl_msgs__rosidl_generator_c.so
[3.474s] -- Set runtime path of "/root/rocket-sim/install/vtvl_msgs/lib/libvtvl_msgs__rosidl_generator_c.so" to ""
[3.474s] -- Installing: /root/rocket-sim/install/vtvl_msgs/lib/libvtvl_msgs__rosidl_typesupport_fastrtps_c.so
[3.474s] -- Set runtime path of "/root/rocket-sim/install/vtvl_msgs/lib/libvtvl_msgs__rosidl_typesupport_fastrtps_c.so" to ""
[3.474s] -- Installing: /root/rocket-sim/install/vtvl_msgs/lib/libvtvl_msgs__rosidl_typesupport_introspection_c.so
[3.474s] -- Set runtime path of "/root/rocket-sim/install/vtvl_msgs/lib/libvtvl_msgs__rosidl_typesupport_introspection_c.so" to ""
[3.475s] -- Installing: /root/rocket-sim/install/vtvl_msgs/lib/libvtvl_msgs__rosidl_typesupport_c.so
[3.475s] -- Set runtime path of "/root/rocket-sim/install/vtvl_msgs/lib/libvtvl_msgs__rosidl_typesupport_c.so" to ""
[3.475s] -- Installing: /root/rocket-sim/install/vtvl_msgs/lib/libvtvl_msgs__rosidl_typesupport_fastrtps_cpp.so
[3.475s] -- Set runtime path of "/root/rocket-sim/install/vtvl_msgs/lib/libvtvl_msgs__rosidl_typesupport_fastrtps_cpp.so" to ""
[3.475s] -- Installing: /root/rocket-sim/install/vtvl_msgs/lib/libvtvl_msgs__rosidl_typesupport_introspection_cpp.so
[3.476s] -- Set runtime path of "/root/rocket-sim/install/vtvl_msgs/lib/libvtvl_msgs__rosidl_typesupport_introspection_cpp.so" to ""
[3.476s] -- Installing: /root/rocket-sim/install/vtvl_msgs/lib/libvtvl_msgs__rosidl_typesupport_cpp.so
[3.476s] -- Set runtime path of "/root/rocket-sim/install/vtvl_msgs/lib/libvtvl_msgs__rosidl_typesupport_cpp.so" to ""
[3.506s] Listing '/root/rocket-sim/install/vtvl_msgs/local/lib/python3.10/dist-packages/vtvl_msgs'...
[3.506s] Compiling '/root/rocket-sim/install/vtvl_msgs/local/lib/python3.10/dist-packages/vtvl_msgs/__init__.py'...
[3.506s] Listing '/root/rocket-sim/install/vtvl_msgs/local/lib/python3.10/dist-packages/vtvl_msgs/msg'...
[3.507s] Compiling '/root/rocket-sim/install/vtvl_msgs/local/lib/python3.10/dist-packages/vtvl_msgs/msg/__init__.py'...
[3.507s] Compiling '/root/rocket-sim/install/vtvl_msgs/local/lib/python3.10/dist-packages/vtvl_msgs/msg/_vehicle_state.py'...
[3.510s] -- Installing: /root/rocket-sim/install/vtvl_msgs/lib/libvtvl_msgs__rosidl_generator_py.so
[3.510s] -- Set runtime path of "/root/rocket-sim/install/vtvl_msgs/lib/libvtvl_msgs__rosidl_generator_py.so" to ""
[3.511s] -- Installing: /root/rocket-sim/install/vtvl_msgs/share/vtvl_msgs/cmake/export_vtvl_msgs__rosidl_generator_cExport.cmake
[3.511s] -- Installing: /root/rocket-sim/install/vtvl_msgs/share/vtvl_msgs/cmake/export_vtvl_msgs__rosidl_generator_cExport-noconfig.cmake
[3.511s] -- Installing: /root/rocket-sim/install/vtvl_msgs/share/vtvl_msgs/cmake/export_vtvl_msgs__rosidl_typesupport_fastrtps_cExport.cmake
[3.511s] -- Installing: /root/rocket-sim/install/vtvl_msgs/share/vtvl_msgs/cmake/export_vtvl_msgs__rosidl_typesupport_fastrtps_cExport-noconfig.cmake
[3.511s] -- Installing: /root/rocket-sim/install/vtvl_msgs/share/vtvl_msgs/cmake/vtvl_msgs__rosidl_typesupport_introspection_cExport.cmake
[3.511s] -- Installing: /root/rocket-sim/install/vtvl_msgs/share/vtvl_msgs/cmake/vtvl_msgs__rosidl_typesupport_introspection_cExport-noconfig.cmake
[3.512s] -- Installing: /root/rocket-sim/install/vtvl_msgs/share/vtvl_msgs/cmake/vtvl_msgs__rosidl_typesupport_cExport.cmake
[3.512s] -- Installing: /root/rocket-sim/install/vtvl_msgs/share/vtvl_msgs/cmake/vtvl_msgs__rosidl_typesupport_cExport-noconfig.cmake
[3.512s] -- Installing: /root/rocket-sim/install/vtvl_msgs/share/vtvl_msgs/cmake/export_vtvl_msgs__rosidl_generator_cppExport.cmake
[3.512s] -- Installing: /root/rocket-sim/install/vtvl_msgs/share/vtvl_msgs/cmake/export_vtvl_msgs__rosidl_typesupport_fastrtps_cppExport.cmake
[3.512s] -- Installing: /root/rocket-sim/install/vtvl_msgs/share/vtvl_msgs/cmake/export_vtvl_msgs__rosidl_typesupport_fastrtps_cppExport-noconfig.cmake
[3.513s] -- Installing: /root/rocket-sim/install/vtvl_msgs/share/vtvl_msgs/cmake/vtvl_msgs__rosidl_typesupport_introspection_cppExport.cmake
[3.513s] -- Installing: /root/rocket-sim/install/vtvl_msgs/share/vtvl_msgs/cmake/vtvl_msgs__rosidl_typesupport_introspection_cppExport-noconfig.cmake
[3.513s] -- Installing: /root/rocket-sim/install/vtvl_msgs/share/vtvl_msgs/cmake/vtvl_msgs__rosidl_typesupport_cppExport.cmake
[3.513s] -- Installing: /root/rocket-sim/install/vtvl_msgs/share/vtvl_msgs/cmake/vtvl_msgs__rosidl_typesupport_cppExport-noconfig.cmake
[3.513s] -- Installing: /root/rocket-sim/install/vtvl_msgs/share/vtvl_msgs/cmake/export_vtvl_msgs__rosidl_generator_pyExport.cmake
[3.513s] -- Installing: /root/rocket-sim/install/vtvl_msgs/share/vtvl_msgs/cmake/export_vtvl_msgs__rosidl_generator_pyExport-noconfig.cmake
[3.516s] Invoked command in '/root/rocket-sim/build/vtvl_msgs' returned '0': CMAKE_PREFIX_PATH=/opt/ros/humble /usr/bin/cmake --install /root/rocket-sim/build/vtvl_msgs
